2022-12-13 10:22:03.204 [main] INFO  LinkedList Logger - 1
2022-12-13 10:24:40.469 [main] INFO  LinkedList Logger - 1
2022-12-13 10:25:43.926 [main] INFO  LinkedList Logger - 1
2022-12-13 10:25:43.943 [main] INFO  LinkedList Logger - 2
2022-12-13 10:40:37.795 [main] INFO  linkedList.LinkedListMain - First test
2022-12-13 10:40:37.804 [main] INFO  LinkedList Logger - 1
2022-12-13 10:40:37.804 [main] INFO  LinkedList Logger - 2
2022-12-13 10:40:37.804 [main] INFO  linkedList.LinkedListMain - Second test
2022-12-13 10:40:37.804 [main] INFO  LinkedList Logger - 1
2022-12-13 10:40:37.804 [main] INFO  LinkedList Logger - 25
2022-12-13 10:40:37.804 [main] INFO  LinkedList Logger - 2
2022-12-13 10:40:37.804 [main] INFO  LinkedList Logger - 125
2022-12-13 10:40:59.758 [main] INFO  linkedList.LinkedListMain - First test
2022-12-13 10:40:59.774 [main] INFO  LinkedList Logger - 1
2022-12-13 10:40:59.774 [main] INFO  LinkedList Logger - 2
2022-12-13 10:40:59.774 [main] INFO  linkedList.LinkedListMain - Second test
2022-12-13 10:40:59.774 [main] INFO  LinkedList Logger - 25
2022-12-13 10:40:59.774 [main] INFO  LinkedList Logger - 1
2022-12-13 10:40:59.774 [main] INFO  LinkedList Logger - 2
2022-12-13 10:40:59.774 [main] INFO  LinkedList Logger - 125
2022-12-13 10:50:40.447 [main] INFO  linkedList.LinkedListMain - First test
2022-12-13 10:50:40.464 [main] INFO  LinkedList Logger - 1
2022-12-13 10:50:40.464 [main] INFO  LinkedList Logger - 2
2022-12-13 10:50:40.464 [main] INFO  linkedList.LinkedListMain - Second test
2022-12-13 10:50:40.464 [main] INFO  LinkedList Logger - 25
2022-12-13 10:50:40.464 [main] INFO  LinkedList Logger - 1
2022-12-13 10:50:40.464 [main] INFO  LinkedList Logger - 2
2022-12-13 10:50:40.464 [main] INFO  LinkedList Logger - 125
2022-12-13 10:50:40.464 [main] INFO  linkedList.LinkedListMain - Third test
2022-12-13 10:50:40.464 [main] INFO  LinkedList Logger - 1
2022-12-13 10:50:40.464 [main] INFO  LinkedList Logger - 2
2022-12-13 10:50:40.464 [main] INFO  LinkedList Logger - 125
2022-12-13 10:51:03.819 [main] INFO  linkedList.LinkedListMain - First test
2022-12-13 10:51:03.827 [main] INFO  LinkedList Logger - 1
2022-12-13 10:51:03.827 [main] INFO  LinkedList Logger - 2
2022-12-13 10:51:03.827 [main] INFO  linkedList.LinkedListMain - Second test
2022-12-13 10:51:03.827 [main] INFO  LinkedList Logger - 25
2022-12-13 10:51:03.827 [main] INFO  LinkedList Logger - 1
2022-12-13 10:51:03.827 [main] INFO  LinkedList Logger - 2
2022-12-13 10:51:03.827 [main] INFO  LinkedList Logger - 125
2022-12-13 10:51:03.827 [main] INFO  linkedList.LinkedListMain - Third test
2022-12-13 10:51:03.827 [main] INFO  LinkedList Logger - 1
2022-12-13 10:51:03.827 [main] INFO  LinkedList Logger - 2
2022-12-13 10:51:03.827 [main] INFO  LinkedList Logger - 125
2022-12-13 10:51:03.827 [main] INFO  LinkedList Logger - 1
2022-12-13 10:51:03.827 [main] INFO  LinkedList Logger - 2
2022-12-13 10:52:10.020 [main] INFO  linkedList.LinkedListMain - First test
2022-12-13 10:52:10.028 [main] INFO  LinkedList Logger - 1
2022-12-13 10:52:10.028 [main] INFO  LinkedList Logger - 2
2022-12-13 10:52:10.028 [main] INFO  linkedList.LinkedListMain - Second test
2022-12-13 10:52:10.036 [main] INFO  LinkedList Logger - 25
2022-12-13 10:52:10.036 [main] INFO  LinkedList Logger - 1
2022-12-13 10:52:10.036 [main] INFO  LinkedList Logger - 2
2022-12-13 10:52:10.036 [main] INFO  LinkedList Logger - 125
2022-12-13 10:52:10.036 [main] INFO  linkedList.LinkedListMain - Third test
2022-12-13 10:52:10.036 [main] INFO  LinkedList Logger - 1
2022-12-13 10:52:10.036 [main] INFO  LinkedList Logger - 2
2022-12-13 10:52:10.036 [main] INFO  LinkedList Logger - 125
2022-12-13 10:52:10.036 [main] INFO  LinkedList Logger - 1
2022-12-13 10:52:10.036 [main] INFO  LinkedList Logger - 2
2022-12-13 10:52:37.209 [main] INFO  linkedList.LinkedListMain - First test
2022-12-13 10:52:37.226 [main] INFO  LinkedList Logger - 1
2022-12-13 10:52:37.226 [main] INFO  LinkedList Logger - 2
2022-12-13 10:52:37.226 [main] INFO  linkedList.LinkedListMain - Second test
2022-12-13 10:52:37.226 [main] INFO  LinkedList Logger - 25
2022-12-13 10:52:37.226 [main] INFO  LinkedList Logger - 1
2022-12-13 10:52:37.226 [main] INFO  LinkedList Logger - 2
2022-12-13 10:52:37.226 [main] INFO  LinkedList Logger - 125
2022-12-13 10:52:37.226 [main] INFO  linkedList.LinkedListMain - Third test
2022-12-13 10:52:37.226 [main] INFO  LinkedList Logger - 1
2022-12-13 10:52:37.226 [main] INFO  LinkedList Logger - 2
2022-12-13 10:52:37.226 [main] INFO  LinkedList Logger - 125
2022-12-13 10:52:37.226 [main] INFO  LinkedList Logger - 1
2022-12-13 10:52:37.226 [main] INFO  LinkedList Logger - 2
2022-12-13 10:54:35.036 [main] INFO  linkedList.LinkedListMain - First test
2022-12-13 10:54:35.052 [main] INFO  LinkedList Logger - 1
2022-12-13 10:54:35.052 [main] INFO  LinkedList Logger - 2
2022-12-13 10:54:35.052 [main] INFO  linkedList.LinkedListMain - Second test
2022-12-13 10:54:35.052 [main] INFO  LinkedList Logger - 25
2022-12-13 10:54:35.052 [main] INFO  LinkedList Logger - 1
2022-12-13 10:54:35.052 [main] INFO  LinkedList Logger - 2
2022-12-13 10:54:35.052 [main] INFO  LinkedList Logger - 125
2022-12-13 10:54:35.052 [main] INFO  linkedList.LinkedListMain - Third test
2022-12-13 10:54:35.052 [main] INFO  LinkedList Logger - 1
2022-12-13 10:54:35.052 [main] INFO  LinkedList Logger - 2
2022-12-13 10:54:35.052 [main] INFO  LinkedList Logger - 125
2022-12-13 10:54:35.060 [main] INFO  LinkedList Logger - 1
2022-12-13 10:54:35.060 [main] INFO  LinkedList Logger - 2
2022-12-13 10:54:35.060 [main] INFO  LinkedList Logger - Empty
